This is pdfTeX, Version 3.14159265-2.6-1.40.20 (TeX Live 2019) (preloaded format=pdflatex 2019.5.8)  14 AUG 2019 21:40
entering extended mode
 restricted \write18 enabled.
 file:line:error style messages enabled.
 %&-line parsing enabled.
**beamerposter.sty
(./beamerposter.sty
LaTeX2e <2018-12-01>
./beamerposter.sty:42: Use of \beamerposter doesn't match its definition.
<argument> \beamerposter @n
                           ame
l.42 \ProvidesPackage{\beamerposter@name}
                                         [\beamerposter@releaseinfo]
? 
./beamerposter.sty:42: Emergency stop.
<argument> \beamerposter @n
                           ame
l.42 \ProvidesPackage{\beamerposter@name}
                                         [\beamerposter@releaseinfo]
End of file on the terminal!

 
Here is how much of TeX's memory you used:
 7 strings out of 492616
 163 string characters out of 6129482
 57160 words of memory out of 5000000
 4026 multiletter control sequences out of 15000+600000
 3640 words of font info for 14 fonts, out of 8000000 for 9000
 1141 hyphenation exceptions out of 8191
 5i,0n,3p,131b,8s stack positions out of 5000i,500n,10000p,200000b,80000s
./beamerposter.sty:42:  ==> Fatal error occurred, no output PDF file produced!
