This is pdfTeX, Version 3.14159265-2.6-1.40.20 (TeX Live 2019) (preloaded format=pdflatex 2019.5.8)  14 AUG 2019 21:40
entering extended mode
 restricted \write18 enabled.
 file:line:error style messages enabled.
 %&-line parsing enabled.
**poster-data-and-information-fusion-2019.tex
(./poster-data-and-information-fusion-2019.tex
LaTeX2e <2018-12-01>
(/usr/local/texlive/2019/texmf-dist/tex/latex/beamer/beamer.cls
Document Class: beamer 2018/12/02 v3.55 A class for typesetting presentations
(/usr/local/texlive/2019/texmf-dist/tex/latex/beamer/beamerbasemodes.sty
(/usr/local/texlive/2019/texmf-dist/tex/latex/etoolbox/etoolbox.sty
Package: etoolbox 2018/08/19 v2.5f e-TeX tools for LaTeX (JAW)
\etb@tempcnta=\count80
)
\beamer@tempbox=\box27
\beamer@tempcount=\count81
\c@beamerpauses=\count82

(/usr/local/texlive/2019/texmf-dist/tex/latex/beamer/beamerbasedecode.sty
\beamer@slideinframe=\count83
\beamer@minimum=\count84
)
\beamer@commentbox=\box28
\beamer@modecount=\count85
)
(/usr/local/texlive/2019/texmf-dist/tex/generic/oberdiek/ifpdf.sty
Package: ifpdf 2018/09/07 v3.3 Provides the ifpdf switch
)
\headdp=\dimen102
\footheight=\dimen103
\sidebarheight=\dimen104
\beamer@tempdim=\dimen105
\beamer@finalheight=\dimen106
\beamer@animht=\dimen107
\beamer@animdp=\dimen108
\beamer@animwd=\dimen109
\beamer@leftmargin=\dimen110
\beamer@rightmargin=\dimen111
\beamer@leftsidebar=\dimen112
\beamer@rightsidebar=\dimen113
\beamer@boxsize=\dimen114
\beamer@vboxoffset=\dimen115
\beamer@descdefault=\dimen116
\beamer@descriptionwidth=\dimen117
\beamer@lastskip=\skip41
\beamer@areabox=\box29
\beamer@animcurrent=\box30
\beamer@animshowbox=\box31
\beamer@sectionbox=\box32
\beamer@logobox=\box33
\beamer@linebox=\box34
\beamer@sectioncount=\count86
\beamer@subsubsectionmax=\count87
\beamer@subsectionmax=\count88
\beamer@sectionmax=\count89
\beamer@totalheads=\count90
\beamer@headcounter=\count91
\beamer@partstartpage=\count92
\beamer@sectionstartpage=\count93
\beamer@subsectionstartpage=\count94
\beamer@animationtempa=\count95
\beamer@animationtempb=\count96
\beamer@xpos=\count97
\beamer@ypos=\count98
\beamer@ypos@offset=\count99
\beamer@showpartnumber=\count100
\beamer@currentsubsection=\count101
\beamer@coveringdepth=\count102
\beamer@sectionadjust=\count103
\beamer@tocsectionnumber=\count104

(/usr/local/texlive/2019/texmf-dist/tex/latex/beamer/beamerbaseoptions.sty
(/usr/local/texlive/2019/texmf-dist/tex/latex/graphics/keyval.sty
Package: keyval 2014/10/28 v1.15 key=value parser (DPC)
\KV@toks@=\toks14
))
\beamer@paperwidth=\skip42
\beamer@paperheight=\skip43

(/usr/local/texlive/2019/texmf-dist/tex/latex/geometry/geometry.sty
Package: geometry 2018/04/16 v5.8 Page Geometry

(/usr/local/texlive/2019/texmf-dist/tex/generic/oberdiek/ifvtex.sty
Package: ifvtex 2016/05/16 v1.6 Detect VTeX and its facilities (HO)
Package ifvtex Info: VTeX not detected.
)
(/usr/local/texlive/2019/texmf-dist/tex/generic/ifxetex/ifxetex.sty
Package: ifxetex 2010/09/12 v0.6 Provides ifxetex conditional
)
\Gm@cnth=\count105
\Gm@cntv=\count106
\c@Gm@tempcnt=\count107
\Gm@bindingoffset=\dimen118
\Gm@wd@mp=\dimen119
\Gm@odd@mp=\dimen120
\Gm@even@mp=\dimen121
\Gm@layoutwidth=\dimen122
\Gm@layoutheight=\dimen123
\Gm@layouthoffset=\dimen124
\Gm@layoutvoffset=\dimen125
\Gm@dimlist=\toks15
)
(/usr/local/texlive/2019/texmf-dist/tex/latex/base/size11.clo
File: size11.clo 2018/09/03 v1.4i Standard LaTeX file (size option)
)
(/usr/local/texlive/2019/texmf-dist/tex/latex/pgf/basiclayer/pgfcore.sty
(/usr/local/texlive/2019/texmf-dist/tex/latex/graphics/graphicx.sty
Package: graphicx 2017/06/01 v1.1a Enhanced LaTeX Graphics (DPC,SPQR)

(/usr/local/texlive/2019/texmf-dist/tex/latex/graphics/graphics.sty
Package: graphics 2017/06/25 v1.2c Standard LaTeX Graphics (DPC,SPQR)

(/usr/local/texlive/2019/texmf-dist/tex/latex/graphics/trig.sty
Package: trig 2016/01/03 v1.10 sin cos tan (DPC)
)
(/usr/local/texlive/2019/texmf-dist/tex/latex/graphics-cfg/graphics.cfg
File: graphics.cfg 2016/06/04 v1.11 sample graphics configuration
)
Package graphics Info: Driver file: pdftex.def on input line 99.

(/usr/local/texlive/2019/texmf-dist/tex/latex/graphics-def/pdftex.def
File: pdftex.def 2018/01/08 v1.0l Graphics/color driver for pdftex
))
\Gin@req@height=\dimen126
\Gin@req@width=\dimen127
)
(/usr/local/texlive/2019/texmf-dist/tex/latex/pgf/systemlayer/pgfsys.sty
(/usr/local/texlive/2019/texmf-dist/tex/latex/pgf/utilities/pgfrcs.sty
(/usr/local/texlive/2019/texmf-dist/tex/generic/pgf/utilities/pgfutil-common.te
x
\pgfutil@everybye=\toks16
\pgfutil@tempdima=\dimen128
\pgfutil@tempdimb=\dimen129

(/usr/local/texlive/2019/texmf-dist/tex/generic/pgf/utilities/pgfutil-common-li
sts.tex))
(/usr/local/texlive/2019/texmf-dist/tex/generic/pgf/utilities/pgfutil-latex.def
\pgfutil@abb=\box35
(/usr/local/texlive/2019/texmf-dist/tex/latex/ms/everyshi.sty
Package: everyshi 2001/05/15 v3.00 EveryShipout Package (MS)
))
(/usr/local/texlive/2019/texmf-dist/tex/generic/pgf/utilities/pgfrcs.code.tex
(/usr/local/texlive/2019/texmf-dist/tex/generic/pgf/pgf.revision.tex)
Package: pgfrcs 2019/04/04 v3.1.2 (3.1.2)
))
(/usr/local/texlive/2019/texmf-dist/tex/generic/pgf/systemlayer/pgfsys.code.tex
Package: pgfsys 2019/04/04 v3.1.2 (3.1.2)
(/usr/local/texlive/2019/texmf-dist/tex/generic/pgf/utilities/pgfkeys.code.tex
\pgfkeys@pathtoks=\toks17
\pgfkeys@temptoks=\toks18

(/usr/local/texlive/2019/texmf-dist/tex/generic/pgf/utilities/pgfkeysfiltered.c
ode.tex
\pgfkeys@tmptoks=\toks19
))
\pgf@x=\dimen130
\pgf@y=\dimen131
\pgf@xa=\dimen132
\pgf@ya=\dimen133
\pgf@xb=\dimen134
\pgf@yb=\dimen135
\pgf@xc=\dimen136
\pgf@yc=\dimen137
\w@pgf@writea=\write3
\r@pgf@reada=\read1
\c@pgf@counta=\count108
\c@pgf@countb=\count109
\c@pgf@countc=\count110
\c@pgf@countd=\count111
\t@pgf@toka=\toks20
\t@pgf@tokb=\toks21
\t@pgf@tokc=\toks22
\pgf@sys@id@count=\count112

(/usr/local/texlive/2019/texmf-dist/tex/generic/pgf/systemlayer/pgf.cfg
File: pgf.cfg 2019/04/04 v3.1.2 (3.1.2)
)
Driver file for pgf: pgfsys-pdftex.def

(/usr/local/texlive/2019/texmf-dist/tex/generic/pgf/systemlayer/pgfsys-pdftex.d
ef
File: pgfsys-pdftex.def 2019/04/04 v3.1.2 (3.1.2)

(/usr/local/texlive/2019/texmf-dist/tex/generic/pgf/systemlayer/pgfsys-common-p
df.def
File: pgfsys-common-pdf.def 2019/04/04 v3.1.2 (3.1.2)
)))
(/usr/local/texlive/2019/texmf-dist/tex/generic/pgf/systemlayer/pgfsyssoftpath.
code.tex
File: pgfsyssoftpath.code.tex 2019/04/04 v3.1.2 (3.1.2)
\pgfsyssoftpath@smallbuffer@items=\count113
\pgfsyssoftpath@bigbuffer@items=\count114
)
(/usr/local/texlive/2019/texmf-dist/tex/generic/pgf/systemlayer/pgfsysprotocol.
code.tex
File: pgfsysprotocol.code.tex 2019/04/04 v3.1.2 (3.1.2)
)) (/usr/local/texlive/2019/texmf-dist/tex/latex/xcolor/xcolor.sty
Package: xcolor 2016/05/11 v2.12 LaTeX color extensions (UK)

(/usr/local/texlive/2019/texmf-dist/tex/latex/graphics-cfg/color.cfg
File: color.cfg 2016/01/02 v1.6 sample color configuration
)
Package xcolor Info: Driver file: pdftex.def on input line 225.
Package xcolor Info: Model `cmy' substituted by `cmy0' on input line 1348.
Package xcolor Info: Model `hsb' substituted by `rgb' on input line 1352.
Package xcolor Info: Model `RGB' extended on input line 1364.
Package xcolor Info: Model `HTML' substituted by `rgb' on input line 1366.
Package xcolor Info: Model `Hsb' substituted by `hsb' on input line 1367.
Package xcolor Info: Model `tHsb' substituted by `hsb' on input line 1368.
Package xcolor Info: Model `HSB' substituted by `hsb' on input line 1369.
Package xcolor Info: Model `Gray' substituted by `gray' on input line 1370.
Package xcolor Info: Model `wave' substituted by `hsb' on input line 1371.
)
(/usr/local/texlive/2019/texmf-dist/tex/generic/pgf/basiclayer/pgfcore.code.tex
Package: pgfcore 2019/04/04 v3.1.2 (3.1.2)
(/usr/local/texlive/2019/texmf-dist/tex/generic/pgf/math/pgfmath.code.tex
(/usr/local/texlive/2019/texmf-dist/tex/generic/pgf/math/pgfmathcalc.code.tex
(/usr/local/texlive/2019/texmf-dist/tex/generic/pgf/math/pgfmathutil.code.tex)
(/usr/local/texlive/2019/texmf-dist/tex/generic/pgf/math/pgfmathparser.code.tex
\pgfmath@dimen=\dimen138
\pgfmath@count=\count115
\pgfmath@box=\box36
\pgfmath@toks=\toks23
\pgfmath@stack@operand=\toks24
\pgfmath@stack@operation=\toks25
)
(/usr/local/texlive/2019/texmf-dist/tex/generic/pgf/math/pgfmathfunctions.code.
tex
(/usr/local/texlive/2019/texmf-dist/tex/generic/pgf/math/pgfmathfunctions.basic
.code.tex)
(/usr/local/texlive/2019/texmf-dist/tex/generic/pgf/math/pgfmathfunctions.trigo
nometric.code.tex)
(/usr/local/texlive/2019/texmf-dist/tex/generic/pgf/math/pgfmathfunctions.rando
m.code.tex)
(/usr/local/texlive/2019/texmf-dist/tex/generic/pgf/math/pgfmathfunctions.compa
rison.code.tex)
(/usr/local/texlive/2019/texmf-dist/tex/generic/pgf/math/pgfmathfunctions.base.
code.tex)
(/usr/local/texlive/2019/texmf-dist/tex/generic/pgf/math/pgfmathfunctions.round
.code.tex)
(/usr/local/texlive/2019/texmf-dist/tex/generic/pgf/math/pgfmathfunctions.misc.
code.tex)
(/usr/local/texlive/2019/texmf-dist/tex/generic/pgf/math/pgfmathfunctions.integ
erarithmetics.code.tex)))
(/usr/local/texlive/2019/texmf-dist/tex/generic/pgf/math/pgfmathfloat.code.tex
\c@pgfmathroundto@lastzeros=\count116
))
(/usr/local/texlive/2019/texmf-dist/tex/generic/pgf/basiclayer/pgfcorepoints.co
de.tex
File: pgfcorepoints.code.tex 2019/04/04 v3.1.2 (3.1.2)
\pgf@picminx=\dimen139
\pgf@picmaxx=\dimen140
\pgf@picminy=\dimen141
\pgf@picmaxy=\dimen142
\pgf@pathminx=\dimen143
\pgf@pathmaxx=\dimen144
\pgf@pathminy=\dimen145
\pgf@pathmaxy=\dimen146
\pgf@xx=\dimen147
\pgf@xy=\dimen148
\pgf@yx=\dimen149
\pgf@yy=\dimen150
\pgf@zx=\dimen151
\pgf@zy=\dimen152
)
(/usr/local/texlive/2019/texmf-dist/tex/generic/pgf/basiclayer/pgfcorepathconst
ruct.code.tex
File: pgfcorepathconstruct.code.tex 2019/04/04 v3.1.2 (3.1.2)
\pgf@path@lastx=\dimen153
\pgf@path@lasty=\dimen154
)
(/usr/local/texlive/2019/texmf-dist/tex/generic/pgf/basiclayer/pgfcorepathusage
.code.tex
File: pgfcorepathusage.code.tex 2019/04/04 v3.1.2 (3.1.2)
\pgf@shorten@end@additional=\dimen155
\pgf@shorten@start@additional=\dimen156
)
(/usr/local/texlive/2019/texmf-dist/tex/generic/pgf/basiclayer/pgfcorescopes.co
de.tex
File: pgfcorescopes.code.tex 2019/04/04 v3.1.2 (3.1.2)
\pgfpic=\box37
\pgf@hbox=\box38
\pgf@layerbox@main=\box39
\pgf@picture@serial@count=\count117
)
(/usr/local/texlive/2019/texmf-dist/tex/generic/pgf/basiclayer/pgfcoregraphicst
ate.code.tex
File: pgfcoregraphicstate.code.tex 2019/04/04 v3.1.2 (3.1.2)
\pgflinewidth=\dimen157
)
(/usr/local/texlive/2019/texmf-dist/tex/generic/pgf/basiclayer/pgfcoretransform
ations.code.tex
File: pgfcoretransformations.code.tex 2019/04/04 v3.1.2 (3.1.2)
\pgf@pt@x=\dimen158
\pgf@pt@y=\dimen159
\pgf@pt@temp=\dimen160
)
(/usr/local/texlive/2019/texmf-dist/tex/generic/pgf/basiclayer/pgfcorequick.cod
e.tex
File: pgfcorequick.code.tex 2019/04/04 v3.1.2 (3.1.2)
)
(/usr/local/texlive/2019/texmf-dist/tex/generic/pgf/basiclayer/pgfcoreobjects.c
ode.tex
File: pgfcoreobjects.code.tex 2019/04/04 v3.1.2 (3.1.2)
)
(/usr/local/texlive/2019/texmf-dist/tex/generic/pgf/basiclayer/pgfcorepathproce
ssing.code.tex
File: pgfcorepathprocessing.code.tex 2019/04/04 v3.1.2 (3.1.2)
)
(/usr/local/texlive/2019/texmf-dist/tex/generic/pgf/basiclayer/pgfcorearrows.co
de.tex
File: pgfcorearrows.code.tex 2019/04/04 v3.1.2 (3.1.2)
\pgfarrowsep=\dimen161
)
(/usr/local/texlive/2019/texmf-dist/tex/generic/pgf/basiclayer/pgfcoreshade.cod
e.tex
File: pgfcoreshade.code.tex 2019/04/04 v3.1.2 (3.1.2)
\pgf@max=\dimen162
\pgf@sys@shading@range@num=\count118
\pgf@shadingcount=\count119
)
(/usr/local/texlive/2019/texmf-dist/tex/generic/pgf/basiclayer/pgfcoreimage.cod
e.tex
File: pgfcoreimage.code.tex 2019/04/04 v3.1.2 (3.1.2)

(/usr/local/texlive/2019/texmf-dist/tex/generic/pgf/basiclayer/pgfcoreexternal.
code.tex
File: pgfcoreexternal.code.tex 2019/04/04 v3.1.2 (3.1.2)
\pgfexternal@startupbox=\box40
))
(/usr/local/texlive/2019/texmf-dist/tex/generic/pgf/basiclayer/pgfcorelayers.co
de.tex
File: pgfcorelayers.code.tex 2019/04/04 v3.1.2 (3.1.2)
)
(/usr/local/texlive/2019/texmf-dist/tex/generic/pgf/basiclayer/pgfcoretranspare
ncy.code.tex
File: pgfcoretransparency.code.tex 2019/04/04 v3.1.2 (3.1.2)
)
(/usr/local/texlive/2019/texmf-dist/tex/generic/pgf/basiclayer/pgfcorepatterns.
code.tex
File: pgfcorepatterns.code.tex 2019/04/04 v3.1.2 (3.1.2)
)
(/usr/local/texlive/2019/texmf-dist/tex/generic/pgf/basiclayer/pgfcorerdf.code.
tex
File: pgfcorerdf.code.tex 2019/04/04 v3.1.2 (3.1.2)
))) (/usr/local/texlive/2019/texmf-dist/tex/latex/pgf/utilities/xxcolor.sty
Package: xxcolor 2003/10/24 ver 0.1
\XC@nummixins=\count120
\XC@countmixins=\count121
) (/usr/local/texlive/2019/texmf-dist/tex/generic/oberdiek/atbegshi.sty
Package: atbegshi 2016/06/09 v1.18 At begin shipout hook (HO)

(/usr/local/texlive/2019/texmf-dist/tex/generic/oberdiek/infwarerr.sty
Package: infwarerr 2016/05/16 v1.4 Providing info/warning/error messages (HO)
)
(/usr/local/texlive/2019/texmf-dist/tex/generic/oberdiek/ltxcmds.sty
Package: ltxcmds 2016/05/16 v1.23 LaTeX kernel commands for general use (HO)
))
(/usr/local/texlive/2019/texmf-dist/tex/latex/hyperref/hyperref.sty
Package: hyperref 2018/11/30 v6.88e Hypertext links for LaTeX

(/usr/local/texlive/2019/texmf-dist/tex/generic/oberdiek/hobsub-hyperref.sty
Package: hobsub-hyperref 2016/05/16 v1.14 Bundle oberdiek, subset hyperref (HO)


(/usr/local/texlive/2019/texmf-dist/tex/generic/oberdiek/hobsub-generic.sty
Package: hobsub-generic 2016/05/16 v1.14 Bundle oberdiek, subset generic (HO)
Package: hobsub 2016/05/16 v1.14 Construct package bundles (HO)
Package hobsub Info: Skipping package `infwarerr' (already loaded).
Package hobsub Info: Skipping package `ltxcmds' (already loaded).
Package: ifluatex 2016/05/16 v1.4 Provides the ifluatex switch (HO)
Package ifluatex Info: LuaTeX not detected.
Package hobsub Info: Skipping package `ifvtex' (already loaded).
Package: intcalc 2016/05/16 v1.2 Expandable calculations with integers (HO)
Package hobsub Info: Skipping package `ifpdf' (already loaded).
Package: etexcmds 2016/05/16 v1.6 Avoid name clashes with e-TeX commands (HO)
Package: kvsetkeys 2016/05/16 v1.17 Key value parser (HO)
Package: kvdefinekeys 2016/05/16 v1.4 Define keys (HO)
Package: pdftexcmds 2018/09/10 v0.29 Utility functions of pdfTeX for LuaTeX (HO
)
Package pdftexcmds Info: LuaTeX not detected.
Package pdftexcmds Info: \pdf@primitive is available.
Package pdftexcmds Info: \pdf@ifprimitive is available.
Package pdftexcmds Info: \pdfdraftmode found.
Package: pdfescape 2016/05/16 v1.14 Implements pdfTeX's escape features (HO)
Package: bigintcalc 2016/05/16 v1.4 Expandable calculations on big integers (HO
)
Package: bitset 2016/05/16 v1.2 Handle bit-vector datatype (HO)
Package: uniquecounter 2016/05/16 v1.3 Provide unlimited unique counter (HO)
)
Package hobsub Info: Skipping package `hobsub' (already loaded).
Package: letltxmacro 2016/05/16 v1.5 Let assignment for LaTeX macros (HO)
Package: hopatch 2016/05/16 v1.3 Wrapper for package hooks (HO)
Package: xcolor-patch 2016/05/16 xcolor patch
Package: atveryend 2016/05/16 v1.9 Hooks at the very end of document (HO)
Package hobsub Info: Skipping package `atbegshi' (already loaded).
Package: refcount 2016/05/16 v3.5 Data extraction from label references (HO)
Package: hycolor 2016/05/16 v1.8 Color options for hyperref/bookmark (HO)
)
(/usr/local/texlive/2019/texmf-dist/tex/latex/oberdiek/auxhook.sty
Package: auxhook 2016/05/16 v1.4 Hooks for auxiliary files (HO)
)
(/usr/local/texlive/2019/texmf-dist/tex/latex/oberdiek/kvoptions.sty
Package: kvoptions 2016/05/16 v3.12 Key value format for package options (HO)
)
\@linkdim=\dimen163
\Hy@linkcounter=\count122
\Hy@pagecounter=\count123

(/usr/local/texlive/2019/texmf-dist/tex/latex/hyperref/pd1enc.def
File: pd1enc.def 2018/11/30 v6.88e Hyperref: PDFDocEncoding definition (HO)
Now handling font encoding PD1 ...
... no UTF-8 mapping file for font encoding PD1
)
\Hy@SavedSpaceFactor=\count124

(/usr/local/texlive/2019/texmf-dist/tex/latex/latexconfig/hyperref.cfg
File: hyperref.cfg 2002/06/06 v1.2 hyperref configuration of TeXLive
)
Package hyperref Info: Option `final' set `true' on input line 4393.
Package hyperref Info: Option `bookmarks' set `true' on input line 4393.
Package hyperref Info: Option `bookmarksopen' set `true' on input line 4393.
Package hyperref Info: Option `implicit' set `false' on input line 4393.
Package hyperref Info: Hyper figures OFF on input line 4519.
Package hyperref Info: Link nesting OFF on input line 4524.
Package hyperref Info: Hyper index ON on input line 4527.
Package hyperref Info: Plain pages OFF on input line 4534.
Package hyperref Info: Backreferencing OFF on input line 4539.
Package hyperref Info: Implicit mode OFF; no redefinition of LaTeX internals.
Package hyperref Info: Bookmarks ON on input line 4772.
\c@Hy@tempcnt=\count125

(/usr/local/texlive/2019/texmf-dist/tex/latex/url/url.sty
\Urlmuskip=\muskip10
Package: url 2013/09/16  ver 3.4  Verb mode for urls, etc.
)
LaTeX Info: Redefining \url on input line 5125.
\XeTeXLinkMargin=\dimen164
\Fld@menulength=\count126
\Field@Width=\dimen165
\Fld@charsize=\dimen166
Package hyperref Info: Hyper figures OFF on input line 6380.
Package hyperref Info: Link nesting OFF on input line 6385.
Package hyperref Info: Hyper index ON on input line 6388.
Package hyperref Info: backreferencing OFF on input line 6395.
Package hyperref Info: Link coloring OFF on input line 6400.
Package hyperref Info: Link coloring with OCG OFF on input line 6405.
Package hyperref Info: PDF/A mode OFF on input line 6410.
LaTeX Info: Redefining \ref on input line 6450.
LaTeX Info: Redefining \pageref on input line 6454.
\Hy@abspage=\count127


Package hyperref Message: Stopped early.

)
Package hyperref Info: Driver (autodetected): hpdftex.
 (/usr/local/texlive/2019/texmf-dist/tex/latex/hyperref/hpdftex.def
File: hpdftex.def 2018/11/30 v6.88e Hyperref driver for pdfTeX
\Fld@listcount=\count128
\c@bookmark@seq@number=\count129

(/usr/local/texlive/2019/texmf-dist/tex/latex/oberdiek/rerunfilecheck.sty
Package: rerunfilecheck 2016/05/16 v1.8 Rerun checks for auxiliary files (HO)
Package uniquecounter Info: New unique counter `rerunfilecheck' on input line 2
82.
))
(/usr/local/texlive/2019/texmf-dist/tex/latex/beamer/beamerbaserequires.sty
(/usr/local/texlive/2019/texmf-dist/tex/latex/beamer/beamerbasecompatibility.st
y) (/usr/local/texlive/2019/texmf-dist/tex/latex/beamer/beamerbasefont.sty
(/usr/local/texlive/2019/texmf-dist/tex/latex/amsfonts/amssymb.sty
Package: amssymb 2013/01/14 v3.01 AMS font symbols

(/usr/local/texlive/2019/texmf-dist/tex/latex/amsfonts/amsfonts.sty
Package: amsfonts 2013/01/14 v3.01 Basic AMSFonts support
\@emptytoks=\toks26
\symAMSa=\mathgroup4
\symAMSb=\mathgroup5
LaTeX Font Info:    Overwriting math alphabet `\mathfrak' in version `bold'
(Font)                  U/euf/m/n --> U/euf/b/n on input line 106.
))
(/usr/local/texlive/2019/texmf-dist/tex/latex/sansmathaccent/sansmathaccent.sty
Package: sansmathaccent 2013/03/28
(/usr/local/texlive/2019/texmf-dist/tex/latex/filehook/filehook.sty
Package: filehook 2011/10/12 v0.5d Hooks for input files
)))
(/usr/local/texlive/2019/texmf-dist/tex/latex/beamer/beamerbasetranslator.sty
(/usr/local/texlive/2019/texmf-dist/tex/latex/translator/translator.sty
Package: translator 2018/01/04 v1.12 Easy translation of strings in LaTeX
))
(/usr/local/texlive/2019/texmf-dist/tex/latex/beamer/beamerbasemisc.sty)
(/usr/local/texlive/2019/texmf-dist/tex/latex/beamer/beamerbasetwoscreens.sty)
(/usr/local/texlive/2019/texmf-dist/tex/latex/beamer/beamerbaseoverlay.sty
\beamer@argscount=\count130
\beamer@lastskipcover=\skip44
\beamer@trivlistdepth=\count131
)
(/usr/local/texlive/2019/texmf-dist/tex/latex/beamer/beamerbasetitle.sty)
(/usr/local/texlive/2019/texmf-dist/tex/latex/beamer/beamerbasesection.sty
\c@lecture=\count132
\c@part=\count133
\c@section=\count134
\c@subsection=\count135
\c@subsubsection=\count136
)
(/usr/local/texlive/2019/texmf-dist/tex/latex/beamer/beamerbaseframe.sty
\beamer@framebox=\box41
\beamer@frametitlebox=\box42
\beamer@zoombox=\box43
\beamer@zoomcount=\count137
\beamer@zoomframecount=\count138
\beamer@frametextheight=\dimen167
\c@subsectionslide=\count139
\beamer@frametopskip=\skip45
\beamer@framebottomskip=\skip46
\beamer@frametopskipautobreak=\skip47
\beamer@framebottomskipautobreak=\skip48
\beamer@envbody=\toks27
\framewidth=\dimen168
\c@framenumber=\count140
)
(/usr/local/texlive/2019/texmf-dist/tex/latex/beamer/beamerbaseverbatim.sty
\beamer@verbatimfileout=\write4
)
(/usr/local/texlive/2019/texmf-dist/tex/latex/beamer/beamerbaseframesize.sty
\beamer@splitbox=\box44
\beamer@autobreakcount=\count141
\beamer@autobreaklastheight=\dimen169
\beamer@frametitletoks=\toks28
\beamer@framesubtitletoks=\toks29
)
(/usr/local/texlive/2019/texmf-dist/tex/latex/beamer/beamerbaseframecomponents.
sty
\beamer@footins=\box45
) (/usr/local/texlive/2019/texmf-dist/tex/latex/beamer/beamerbasecolor.sty)
(/usr/local/texlive/2019/texmf-dist/tex/latex/beamer/beamerbasenotes.sty
\beamer@frameboxcopy=\box46
)
(/usr/local/texlive/2019/texmf-dist/tex/latex/beamer/beamerbasetoc.sty)
(/usr/local/texlive/2019/texmf-dist/tex/latex/beamer/beamerbasetemplates.sty
\beamer@sbttoks=\toks30

(/usr/local/texlive/2019/texmf-dist/tex/latex/beamer/beamerbaseauxtemplates.sty
(/usr/local/texlive/2019/texmf-dist/tex/latex/beamer/beamerbaseboxes.sty
\bmb@box=\box47
\bmb@colorbox=\box48
\bmb@boxshadow=\box49
\bmb@boxshadowball=\box50
\bmb@boxshadowballlarge=\box51
\bmb@temp=\dimen170
\bmb@dima=\dimen171
\bmb@dimb=\dimen172
\bmb@prevheight=\dimen173
)
\beamer@blockheadheight=\dimen174
))
(/usr/local/texlive/2019/texmf-dist/tex/latex/beamer/beamerbaselocalstructure.s
ty (/usr/local/texlive/2019/texmf-dist/tex/latex/tools/enumerate.sty
Package: enumerate 2015/07/23 v3.00 enumerate extensions (DPC)
\@enLab=\toks31
)
\c@figure=\count142
\c@table=\count143
\abovecaptionskip=\skip49
\belowcaptionskip=\skip50
)
(/usr/local/texlive/2019/texmf-dist/tex/latex/beamer/beamerbasenavigation.sty
\beamer@section@min@dim=\dimen175
)
(/usr/local/texlive/2019/texmf-dist/tex/latex/beamer/beamerbasetheorems.sty
(/usr/local/texlive/2019/texmf-dist/tex/latex/amsmath/amsmath.sty
Package: amsmath 2018/12/01 v2.17b AMS math features
\@mathmargin=\skip51

For additional information on amsmath, use the `?' option.
(/usr/local/texlive/2019/texmf-dist/tex/latex/amsmath/amstext.sty
Package: amstext 2000/06/29 v2.01 AMS text

(/usr/local/texlive/2019/texmf-dist/tex/latex/amsmath/amsgen.sty
File: amsgen.sty 1999/11/30 v2.0 generic functions
\@emptytoks=\toks32
\ex@=\dimen176
))
(/usr/local/texlive/2019/texmf-dist/tex/latex/amsmath/amsbsy.sty
Package: amsbsy 1999/11/29 v1.2d Bold Symbols
\pmbraise@=\dimen177
)
(/usr/local/texlive/2019/texmf-dist/tex/latex/amsmath/amsopn.sty
Package: amsopn 2016/03/08 v2.02 operator names
)
\inf@bad=\count144
LaTeX Info: Redefining \frac on input line 223.
\uproot@=\count145
\leftroot@=\count146
LaTeX Info: Redefining \overline on input line 385.
\classnum@=\count147
\DOTSCASE@=\count148
LaTeX Info: Redefining \ldots on input line 482.
LaTeX Info: Redefining \dots on input line 485.
LaTeX Info: Redefining \cdots on input line 606.
\Mathstrutbox@=\box52
\strutbox@=\box53
\big@size=\dimen178
LaTeX Font Info:    Redeclaring font encoding OML on input line 729.
LaTeX Font Info:    Redeclaring font encoding OMS on input line 730.
\macc@depth=\count149
\c@MaxMatrixCols=\count150
\dotsspace@=\muskip11
\c@parentequation=\count151
\dspbrk@lvl=\count152
\tag@help=\toks33
\row@=\count153
\column@=\count154
\maxfields@=\count155
\andhelp@=\toks34
\eqnshift@=\dimen179
\alignsep@=\dimen180
\tagshift@=\dimen181
\tagwidth@=\dimen182
\totwidth@=\dimen183
\lineht@=\dimen184
\@envbody=\toks35
\multlinegap=\skip52
\multlinetaggap=\skip53
\mathdisplay@stack=\toks36
LaTeX Info: Redefining \[ on input line 2844.
LaTeX Info: Redefining \] on input line 2845.
)
(/usr/local/texlive/2019/texmf-dist/tex/latex/amscls/amsthm.sty
Package: amsthm 2017/10/31 v2.20.4
\thm@style=\toks37
\thm@bodyfont=\toks38
\thm@headfont=\toks39
\thm@notefont=\toks40
\thm@headpunct=\toks41
\thm@preskip=\skip54
\thm@postskip=\skip55
\thm@headsep=\skip56
\dth@everypar=\toks42
)
\c@theorem=\count156
)
(/usr/local/texlive/2019/texmf-dist/tex/latex/beamer/beamerbasethemes.sty))
(/usr/local/texlive/2019/texmf-dist/tex/latex/beamer/beamerthemedefault.sty
(/usr/local/texlive/2019/texmf-dist/tex/latex/beamer/beamerfontthemedefault.sty
)
(/usr/local/texlive/2019/texmf-dist/tex/latex/beamer/beamercolorthemedefault.st
y)
(/usr/local/texlive/2019/texmf-dist/tex/latex/beamer/beamerinnerthemedefault.st
y
\beamer@dima=\dimen185
\beamer@dimb=\dimen186
)
(/usr/local/texlive/2019/texmf-dist/tex/latex/beamer/beamerouterthemedefault.st
y))) (/usr/local/texlive/2019/texmf-dist/tex/latex/beamer/beamerthemeBerlin.sty

(/usr/local/texlive/2019/texmf-dist/tex/latex/beamer/beamerouterthememiniframes
.sty)
(/usr/local/texlive/2019/texmf-dist/tex/latex/beamer/beamercolorthemewhale.sty)

(/usr/local/texlive/2019/texmf-dist/tex/latex/beamer/beamercolorthemeorchid.sty
)
(/usr/local/texlive/2019/texmf-dist/tex/latex/beamer/beamerinnerthemerectangles
.sty)) (/usr/local/texlive/2019/texmf-dist/tex/generic/babel/babel.sty
Package: babel 2019/05/04 3.31 The Babel package

(/usr/local/texlive/2019/texmf-dist/tex/generic/babel/switch.def
File: switch.def 2019/05/04 3.31 Babel switching mechanism
)
(/usr/local/texlive/2019/texmf-dist/tex/generic/babel-english/english.ldf
Language: english 2017/06/06 v3.3r English support from the babel system

(/usr/local/texlive/2019/texmf-dist/tex/generic/babel/babel.def
File: babel.def 2019/05/04 3.31 Babel common definitions
\babel@savecnt=\count157
\U@D=\dimen187

(/usr/local/texlive/2019/texmf-dist/tex/generic/babel/txtbabel.def)
LaTeX Info: Redefining \textlatin on input line 2089.
\bbl@dirlevel=\count158
)
\l@canadian = a dialect from \language\l@american 
\l@australian = a dialect from \language\l@british 
\l@newzealand = a dialect from \language\l@british 
))
(/usr/local/texlive/2019/texmf-dist/tex/latex/base/inputenc.sty
Package: inputenc 2018/08/11 v1.3c Input encoding file
\inpenc@prehook=\toks43
\inpenc@posthook=\toks44

(/usr/local/texlive/2019/texmf-dist/tex/latex/base/latin1.def
File: latin1.def 2018/08/11 v1.3c Input encoding file
))
(/usr/local/texlive/2019/texmf-dist/tex/latex/base/latexsym.sty
Package: latexsym 1998/08/17 v2.2e Standard LaTeX package (lasy symbols)
\symlasy=\mathgroup6
LaTeX Font Info:    Overwriting symbol font `lasy' in version `bold'
(Font)                  U/lasy/m/n --> U/lasy/b/n on input line 52.
)
(/usr/local/texlive/2019/texmf-dist/tex/latex/beamer/beamerfontthemeserif.sty)
(./beamerposter.sty
Package: beamerposter 2018/04/23 v.1.13 latex-beamer poster extension

(/usr/local/texlive/2019/texmf-dist/tex/latex/xkeyval/xkeyval.sty
Package: xkeyval 2014/12/03 v2.7a package option processing (HA)

(/usr/local/texlive/2019/texmf-dist/tex/generic/xkeyval/xkeyval.tex
(/usr/local/texlive/2019/texmf-dist/tex/generic/xkeyval/xkvutils.tex
\XKV@toks=\toks45
\XKV@tempa@toks=\toks46
)
\XKV@depth=\count159
File: xkeyval.tex 2014/12/03 v2.7a key=value parser (HA)
))
(/usr/local/texlive/2019/texmf-dist/tex/latex/type1cm/type1cm.sty
Package: type1cm 2002/09/05 v0.04 BlueSky/Y&Y Type1 CM font definitions (DPC, p
atched RF)
)
(/usr/local/texlive/2019/texmf-dist/tex/latex/fp/fp.sty
Package: fp 1995/04/02

`Fixed Point Package', Version 0.8, April 2, 1995 (C) Michael Mehlich
(/usr/local/texlive/2019/texmf-dist/tex/latex/fp/defpattern.sty
Package: defpattern 1994/10/12
\actioncount=\count160
)
(/usr/local/texlive/2019/texmf-dist/tex/latex/fp/fp-basic.sty
Package: fp-basic 1996/05/13
\FP@xs=\count161
\FP@xia=\count162
\FP@xib=\count163
\FP@xfa=\count164
\FP@xfb=\count165
\FP@rega=\count166
\FP@regb=\count167
\FP@regs=\count168
\FP@times=\count169
)
(/usr/local/texlive/2019/texmf-dist/tex/latex/fp/fp-addons.sty
Package: fp-addons 1995/03/15
)
(/usr/local/texlive/2019/texmf-dist/tex/latex/fp/fp-snap.sty
Package: fp-snap 1995/04/05
)
(/usr/local/texlive/2019/texmf-dist/tex/latex/fp/fp-exp.sty
Package: fp-exp 1995/04/03
)
(/usr/local/texlive/2019/texmf-dist/tex/latex/fp/fp-trigo.sty
Package: fp-trigo 1995/04/14
)
(/usr/local/texlive/2019/texmf-dist/tex/latex/fp/fp-pas.sty
Package: fp-pas 1994/08/29
)
(/usr/local/texlive/2019/texmf-dist/tex/latex/fp/fp-random.sty
Package: fp-random 1995/02/23
\FPseed=\count170
)
(/usr/local/texlive/2019/texmf-dist/tex/latex/fp/fp-eqn.sty
Package: fp-eqn 1995/04/03
)
(/usr/local/texlive/2019/texmf-dist/tex/latex/fp/fp-upn.sty
Package: fp-upn 1996/10/21
)
(/usr/local/texlive/2019/texmf-dist/tex/latex/fp/fp-eval.sty
Package: fp-eval 1995/04/03
))
Package beamerposter Info: checking size input, please wait. on input line 117.

Package beamerposter Info: the input a0\ 1\ was correct, we proceed. on input l
ine 117.
Package beamerposter Info: finished size input check. on input line 117.
Package beamerposter Info: myfontscale=1.0 on input line 117.
Package beamerposter Info: checking orientation input, please wait. on input li
ne 118.
Package beamerposter Info: the input portrait\ 0\ was correct, we proceed. on i
nput line 118.
Package beamerposter Info: finished orientation check. on input line 118.
Package beamerposter Info: checking size input, please wait. on input line 118.

Package beamerposter Info: the input a0\ 1\ was correct, we proceed. on input l
ine 118.
Package beamerposter Info: finished size input check. on input line 118.
Package beamerposter Info: myfontscale=1.4 on input line 118.
Package beamerposter Info: enabled debug mode on input line 118.
 ( FP-UPN
FP debug: upn: +++ computing upn-expression "myfontscale fontscale * 2 round"
FP debug: upn: calculating "myfontscale"
FP debug: upn: result      "1.4"
FP debug: upn: calculating "fontscale"
FP debug: upn: result      "1.0"
FP debug: upn: calculating "1.0 mul 1.4"
( FP-MUL )
FP debug: upn: result      "1.400000000000000000"
FP debug: upn: calculating "2"
FP debug: upn: result      "2"
FP debug: upn: calculating "round(1.400000000000000000:2)"
( FP-ROUND )
FP debug: upn: result      "1.40"
FP debug: upn: +++ result of upn-expression is "(1.40)"
)
\tmp=\dimen188
 ( FP-UPN
FP debug: upn: +++ computing upn-expression "1 paperheightValue -"
FP debug: upn: calculating "1"
FP debug: upn: result      "1"
FP debug: upn: calculating "paperheightValue"
FP debug: upn: result      "84.1"
FP debug: upn: calculating "84.1 sub 1"
( FP-SUB )
FP debug: upn: result      "83.100000000000000000"
FP debug: upn: +++ result of upn-expression is "(83.100000000000000000)"
) ( FP-UPN
FP debug: upn: +++ computing upn-expression "1 paperwidthValue -"
FP debug: upn: calculating "1"
FP debug: upn: result      "1"
FP debug: upn: calculating "paperwidthValue"
FP debug: upn: result      "118.9"
FP debug: upn: calculating "118.9 sub 1"
( FP-SUB )
FP debug: upn: result      "117.900000000000000000"
FP debug: upn: +++ result of upn-expression is "(117.900000000000000000)"
)
Package beamerposter Info: paperwidth=2392.87694pt, paperheight=3383.0325pt on 
input line 160.
Package beamerposter Info: textwidth=3354.57974pt, textheight=2364.42418pt on i
nput line 161.
Package beamerposter Info: fontscale=1.0, myfontscale=1.40 on input line 162.
 ( FP-UPN
FP debug: upn: +++ computing upn-expression "myfontscale fontSizeX * 2 round"
FP debug: upn: calculating "myfontscale"
FP debug: upn: result      "1.40"
FP debug: upn: calculating "fontSizeX"
FP debug: upn: result      "12"
FP debug: upn: calculating "12 mul 1.40"
( FP-MUL )
FP debug: upn: result      "16.800000000000000000"
FP debug: upn: calculating "2"
FP debug: upn: result      "2"
FP debug: upn: calculating "round(16.800000000000000000:2)"
( FP-ROUND )
FP debug: upn: result      "16.80"
FP debug: upn: +++ result of upn-expression is "(16.80)"
) ( FP-UPN
FP debug: upn: +++ computing upn-expression "myfontscale fontSizeY * 2 round"
FP debug: upn: calculating "myfontscale"
FP debug: upn: result      "1.40"
FP debug: upn: calculating "fontSizeY"
FP debug: upn: result      "14"
FP debug: upn: calculating "14 mul 1.40"
( FP-MUL )
FP debug: upn: result      "19.600000000000000000"
FP debug: upn: calculating "2"
FP debug: upn: result      "2"
FP debug: upn: calculating "round(19.600000000000000000:2)"
( FP-ROUND )
FP debug: upn: result      "19.60"
FP debug: upn: +++ result of upn-expression is "(19.60)"
) ( FP-UPN
FP debug: upn: +++ computing upn-expression "myfontscale fontSizeX * 2 round"
FP debug: upn: calculating "myfontscale"
FP debug: upn: result      "1.40"
FP debug: upn: calculating "fontSizeX"
FP debug: upn: result      "14.4"
FP debug: upn: calculating "14.4 mul 1.40"
( FP-MUL )
FP debug: upn: result      "20.160000000000000000"
FP debug: upn: calculating "2"
FP debug: upn: result      "2"
FP debug: upn: calculating "round(20.160000000000000000:2)"
( FP-ROUND )
FP debug: upn: result      "20.16"
FP debug: upn: +++ result of upn-expression is "(20.16)"
) ( FP-UPN
FP debug: upn: +++ computing upn-expression "myfontscale fontSizeY * 2 round"
FP debug: upn: calculating "myfontscale"
FP debug: upn: result      "1.40"
FP debug: upn: calculating "fontSizeY"
FP debug: upn: result      "18"
FP debug: upn: calculating "18 mul 1.40"
( FP-MUL )
FP debug: upn: result      "25.200000000000000000"
FP debug: upn: calculating "2"
FP debug: upn: result      "2"
FP debug: upn: calculating "round(25.200000000000000000:2)"
( FP-ROUND )
FP debug: upn: result      "25.20"
FP debug: upn: +++ result of upn-expression is "(25.20)"
) ( FP-UPN
FP debug: upn: +++ computing upn-expression "myfontscale fontSizeX * 2 round"
FP debug: upn: calculating "myfontscale"
FP debug: upn: result      "1.40"
FP debug: upn: calculating "fontSizeX"
FP debug: upn: result      "17.28"
FP debug: upn: calculating "17.28 mul 1.40"
( FP-MUL )
FP debug: upn: result      "24.192000000000000000"
FP debug: upn: calculating "2"
FP debug: upn: result      "2"
FP debug: upn: calculating "round(24.192000000000000000:2)"
( FP-ROUND )
FP debug: upn: result      "24.19"
FP debug: upn: +++ result of upn-expression is "(24.19)"
) ( FP-UPN
FP debug: upn: +++ computing upn-expression "myfontscale fontSizeY * 2 round"
FP debug: upn: calculating "myfontscale"
FP debug: upn: result      "1.40"
FP debug: upn: calculating "fontSizeY"
FP debug: upn: result      "22"
FP debug: upn: calculating "22 mul 1.40"
( FP-MUL )
FP debug: upn: result      "30.800000000000000000"
FP debug: upn: calculating "2"
FP debug: upn: result      "2"
FP debug: upn: calculating "round(30.800000000000000000:2)"
( FP-ROUND )
FP debug: upn: result      "30.80"
FP debug: upn: +++ result of upn-expression is "(30.80)"
) ( FP-UPN
FP debug: upn: +++ computing upn-expression "myfontscale fontSizeX * 2 round"
FP debug: upn: calculating "myfontscale"
FP debug: upn: result      "1.40"
FP debug: upn: calculating "fontSizeX"
FP debug: upn: result      "20.74"
FP debug: upn: calculating "20.74 mul 1.40"
( FP-MUL )
FP debug: upn: result      "29.036000000000000000"
FP debug: upn: calculating "2"
FP debug: upn: result      "2"
FP debug: upn: calculating "round(29.036000000000000000:2)"
( FP-ROUND )
FP debug: upn: result      "29.04"
FP debug: upn: +++ result of upn-expression is "(29.04)"
) ( FP-UPN
FP debug: upn: +++ computing upn-expression "myfontscale fontSizeY * 2 round"
FP debug: upn: calculating "myfontscale"
FP debug: upn: result      "1.40"
FP debug: upn: calculating "fontSizeY"
FP debug: upn: result      "25"
FP debug: upn: calculating "25 mul 1.40"
( FP-MUL )
FP debug: upn: result      "35.000000000000000000"
FP debug: upn: calculating "2"
FP debug: upn: result      "2"
FP debug: upn: calculating "round(35.000000000000000000:2)"
( FP-ROUND )
FP debug: upn: result      "35.00"
FP debug: upn: +++ result of upn-expression is "(35.00)"
) ( FP-UPN
FP debug: upn: +++ computing upn-expression "myfontscale fontSizeX * 2 round"
FP debug: upn: calculating "myfontscale"
FP debug: upn: result      "1.40"
FP debug: upn: calculating "fontSizeX"
FP debug: upn: result      "24.88"
FP debug: upn: calculating "24.88 mul 1.40"
( FP-MUL )
FP debug: upn: result      "34.832000000000000000"
FP debug: upn: calculating "2"
FP debug: upn: result      "2"
FP debug: upn: calculating "round(34.832000000000000000:2)"
( FP-ROUND )
FP debug: upn: result      "34.83"
FP debug: upn: +++ result of upn-expression is "(34.83)"
) ( FP-UPN
FP debug: upn: +++ computing upn-expression "myfontscale fontSizeY * 2 round"
FP debug: upn: calculating "myfontscale"
FP debug: upn: result      "1.40"
FP debug: upn: calculating "fontSizeY"
FP debug: upn: result      "30"
FP debug: upn: calculating "30 mul 1.40"
( FP-MUL )
FP debug: upn: result      "42.000000000000000000"
FP debug: upn: calculating "2"
FP debug: upn: result      "2"
FP debug: upn: calculating "round(42.000000000000000000:2)"
( FP-ROUND )
FP debug: upn: result      "42.00"
FP debug: upn: +++ result of upn-expression is "(42.00)"
) ( FP-UPN
FP debug: upn: +++ computing upn-expression "myfontscale fontSizeX * 2 round"
FP debug: upn: calculating "myfontscale"
FP debug: upn: result      "1.40"
FP debug: upn: calculating "fontSizeX"
FP debug: upn: result      "29.86"
FP debug: upn: calculating "29.86 mul 1.40"
( FP-MUL )
FP debug: upn: result      "41.804000000000000000"
FP debug: upn: calculating "2"
FP debug: upn: result      "2"
FP debug: upn: calculating "round(41.804000000000000000:2)"
( FP-ROUND )
FP debug: upn: result      "41.80"
FP debug: upn: +++ result of upn-expression is "(41.80)"
) ( FP-UPN
FP debug: upn: +++ computing upn-expression "myfontscale fontSizeY * 2 round"
FP debug: upn: calculating "myfontscale"
FP debug: upn: result      "1.40"
FP debug: upn: calculating "fontSizeY"
FP debug: upn: result      "37"
FP debug: upn: calculating "37 mul 1.40"
( FP-MUL )
FP debug: upn: result      "51.800000000000000000"
FP debug: upn: calculating "2"
FP debug: upn: result      "2"
FP debug: upn: calculating "round(51.800000000000000000:2)"
( FP-ROUND )
FP debug: upn: result      "51.80"
FP debug: upn: +++ result of upn-expression is "(51.80)"
) ( FP-UPN
FP debug: upn: +++ computing upn-expression "myfontscale fontSizeX * 2 round"
FP debug: upn: calculating "myfontscale"
FP debug: upn: result      "1.40"
FP debug: upn: calculating "fontSizeX"
FP debug: upn: result      "35.83"
FP debug: upn: calculating "35.83 mul 1.40"
( FP-MUL )
FP debug: upn: result      "50.162000000000000000"
FP debug: upn: calculating "2"
FP debug: upn: result      "2"
FP debug: upn: calculating "round(50.162000000000000000:2)"
( FP-ROUND )
FP debug: upn: result      "50.16"
FP debug: upn: +++ result of upn-expression is "(50.16)"
) ( FP-UPN
FP debug: upn: +++ computing upn-expression "myfontscale fontSizeY * 2 round"
FP debug: upn: calculating "myfontscale"
FP debug: upn: result      "1.40"
FP debug: upn: calculating "fontSizeY"
FP debug: upn: result      "45"
FP debug: upn: calculating "45 mul 1.40"
( FP-MUL )
FP debug: upn: result      "63.000000000000000000"
FP debug: upn: calculating "2"
FP debug: upn: result      "2"
FP debug: upn: calculating "round(63.000000000000000000:2)"
( FP-ROUND )
FP debug: upn: result      "63.00"
FP debug: upn: +++ result of upn-expression is "(63.00)"
) ( FP-UPN
FP debug: upn: +++ computing upn-expression "myfontscale fontSizeX * 2 round"
FP debug: upn: calculating "myfontscale"
FP debug: upn: result      "1.40"
FP debug: upn: calculating "fontSizeX"
FP debug: upn: result      "43"
FP debug: upn: calculating "43 mul 1.40"
( FP-MUL )
FP debug: upn: result      "60.200000000000000000"
FP debug: upn: calculating "2"
FP debug: upn: result      "2"
FP debug: upn: calculating "round(60.200000000000000000:2)"
( FP-ROUND )
FP debug: upn: result      "60.20"
FP debug: upn: +++ result of upn-expression is "(60.20)"
) ( FP-UPN
FP debug: upn: +++ computing upn-expression "myfontscale fontSizeY * 2 round"
FP debug: upn: calculating "myfontscale"
FP debug: upn: result      "1.40"
FP debug: upn: calculating "fontSizeY"
FP debug: upn: result      "54"
FP debug: upn: calculating "54 mul 1.40"
( FP-MUL )
FP debug: upn: result      "75.600000000000000000"
FP debug: upn: calculating "2"
FP debug: upn: result      "2"
FP debug: upn: calculating "round(75.600000000000000000:2)"
( FP-ROUND )
FP debug: upn: result      "75.60"
FP debug: upn: +++ result of upn-expression is "(75.60)"
) ( FP-UPN
FP debug: upn: +++ computing upn-expression "myfontscale fontSizeX * 2 round"
FP debug: upn: calculating "myfontscale"
FP debug: upn: result      "1.40"
FP debug: upn: calculating "fontSizeX"
FP debug: upn: result      "51.6"
FP debug: upn: calculating "51.6 mul 1.40"
( FP-MUL )
FP debug: upn: result      "72.240000000000000000"
FP debug: upn: calculating "2"
FP debug: upn: result      "2"
FP debug: upn: calculating "round(72.240000000000000000:2)"
( FP-ROUND )
FP debug: upn: result      "72.24"
FP debug: upn: +++ result of upn-expression is "(72.24)"
) ( FP-UPN
FP debug: upn: +++ computing upn-expression "myfontscale fontSizeY * 2 round"
FP debug: upn: calculating "myfontscale"
FP debug: upn: result      "1.40"
FP debug: upn: calculating "fontSizeY"
FP debug: upn: result      "64"
FP debug: upn: calculating "64 mul 1.40"
( FP-MUL )
FP debug: upn: result      "89.600000000000000000"
FP debug: upn: calculating "2"
FP debug: upn: result      "2"
FP debug: upn: calculating "round(89.600000000000000000:2)"
( FP-ROUND )
FP debug: upn: result      "89.60"
FP debug: upn: +++ result of upn-expression is "(89.60)"
) ( FP-UPN
FP debug: upn: +++ computing upn-expression "myfontscale fontSizeX * 2 round"
FP debug: upn: calculating "myfontscale"
FP debug: upn: result      "1.40"
FP debug: upn: calculating "fontSizeX"
FP debug: upn: result      "61.92"
FP debug: upn: calculating "61.92 mul 1.40"
( FP-MUL )
FP debug: upn: result      "86.688000000000000000"
FP debug: upn: calculating "2"
FP debug: upn: result      "2"
FP debug: upn: calculating "round(86.688000000000000000:2)"
( FP-ROUND )
FP debug: upn: result      "86.69"
FP debug: upn: +++ result of upn-expression is "(86.69)"
) ( FP-UPN
FP debug: upn: +++ computing upn-expression "myfontscale fontSizeY * 2 round"
FP debug: upn: calculating "myfontscale"
FP debug: upn: result      "1.40"
FP debug: upn: calculating "fontSizeY"
FP debug: upn: result      "77"
FP debug: upn: calculating "77 mul 1.40"
( FP-MUL )
FP debug: upn: result      "107.800000000000000000"
FP debug: upn: calculating "2"
FP debug: upn: result      "2"
FP debug: upn: calculating "round(107.800000000000000000:2)"
( FP-ROUND )
FP debug: upn: result      "107.80"
FP debug: upn: +++ result of upn-expression is "(107.80)"
) ( FP-UPN
FP debug: upn: +++ computing upn-expression "myfontscale fontSizeX * 2 round"
FP debug: upn: calculating "myfontscale"
FP debug: upn: result      "1.40"
FP debug: upn: calculating "fontSizeX"
FP debug: upn: result      "74.3"
FP debug: upn: calculating "74.3 mul 1.40"
( FP-MUL )
FP debug: upn: result      "104.020000000000000000"
FP debug: upn: calculating "2"
FP debug: upn: result      "2"
FP debug: upn: calculating "round(104.020000000000000000:2)"
( FP-ROUND )
FP debug: upn: result      "104.02"
FP debug: upn: +++ result of upn-expression is "(104.02)"
) ( FP-UPN
FP debug: upn: +++ computing upn-expression "myfontscale fontSizeY * 2 round"
FP debug: upn: calculating "myfontscale"
FP debug: upn: result      "1.40"
FP debug: upn: calculating "fontSizeY"
FP debug: upn: result      "93"
FP debug: upn: calculating "93 mul 1.40"
( FP-MUL )
FP debug: upn: result      "130.200000000000000000"
FP debug: upn: calculating "2"
FP debug: upn: result      "2"
FP debug: upn: calculating "round(130.200000000000000000:2)"
( FP-ROUND )
FP debug: upn: result      "130.20"
FP debug: upn: +++ result of upn-expression is "(130.20)"
) ( FP-UPN
FP debug: upn: +++ computing upn-expression "myfontscale fontSizeX * 2 round"
FP debug: upn: calculating "myfontscale"
FP debug: upn: result      "1.40"
FP debug: upn: calculating "fontSizeX"
FP debug: upn: result      "89.16"
FP debug: upn: calculating "89.16 mul 1.40"
( FP-MUL )
FP debug: upn: result      "124.824000000000000000"
FP debug: upn: calculating "2"
FP debug: upn: result      "2"
FP debug: upn: calculating "round(124.824000000000000000:2)"
( FP-ROUND )
FP debug: upn: result      "124.82"
FP debug: upn: +++ result of upn-expression is "(124.82)"
) ( FP-UPN
FP debug: upn: +++ computing upn-expression "myfontscale fontSizeY * 2 round"
FP debug: upn: calculating "myfontscale"
FP debug: upn: result      "1.40"
FP debug: upn: calculating "fontSizeY"
FP debug: upn: result      "112"
FP debug: upn: calculating "112 mul 1.40"
( FP-MUL )
FP debug: upn: result      "156.800000000000000000"
FP debug: upn: calculating "2"
FP debug: upn: result      "2"
FP debug: upn: calculating "round(156.800000000000000000:2)"
( FP-ROUND )
FP debug: upn: result      "156.80"
FP debug: upn: +++ result of upn-expression is "(156.80)"
) ( FP-UPN
FP debug: upn: +++ computing upn-expression "myfontscale fontSizeX * 2 round"
FP debug: upn: calculating "myfontscale"
FP debug: upn: result      "1.40"
FP debug: upn: calculating "fontSizeX"
FP debug: upn: result      "107"
FP debug: upn: calculating "107 mul 1.40"
( FP-MUL )
FP debug: upn: result      "149.800000000000000000"
FP debug: upn: calculating "2"
FP debug: upn: result      "2"
FP debug: upn: calculating "round(149.800000000000000000:2)"
( FP-ROUND )
FP debug: upn: result      "149.80"
FP debug: upn: +++ result of upn-expression is "(149.80)"
) ( FP-UPN
FP debug: upn: +++ computing upn-expression "myfontscale fontSizeY * 2 round"
FP debug: upn: calculating "myfontscale"
FP debug: upn: result      "1.40"
FP debug: upn: calculating "fontSizeY"
FP debug: upn: result      "134"
FP debug: upn: calculating "134 mul 1.40"
( FP-MUL )
FP debug: upn: result      "187.600000000000000000"
FP debug: upn: calculating "2"
FP debug: upn: result      "2"
FP debug: upn: calculating "round(187.600000000000000000:2)"
( FP-ROUND )
FP debug: upn: result      "187.60"
FP debug: upn: +++ result of upn-expression is "(187.60)"
) ( FP-UPN
FP debug: upn: +++ computing upn-expression "labelWidthValue myfontscale * 2 ro
und"
FP debug: upn: calculating "labelWidthValue"
FP debug: upn: result      "1"
FP debug: upn: calculating "myfontscale"
FP debug: upn: result      "1.40"
FP debug: upn: calculating "1.40 mul 1"
( FP-MUL )
FP debug: upn: result      "1.400000000000000000"
FP debug: upn: calculating "2"
FP debug: upn: result      "2"
FP debug: upn: calculating "round(1.400000000000000000:2)"
( FP-ROUND )
FP debug: upn: result      "1.40"
FP debug: upn: +++ result of upn-expression is "(1.40)"
) ( FP-UPN
FP debug: upn: +++ computing upn-expression "labelSepValue myfontscale * 2 roun
d"
FP debug: upn: calculating "labelSepValue"
FP debug: upn: result      "1"
FP debug: upn: calculating "myfontscale"
FP debug: upn: result      "1.40"
FP debug: upn: calculating "1.40 mul 1"
( FP-MUL )
FP debug: upn: result      "1.400000000000000000"
FP debug: upn: calculating "2"
FP debug: upn: result      "2"
FP debug: upn: calculating "round(1.400000000000000000:2)"
( FP-ROUND )
FP debug: upn: result      "1.40"
FP debug: upn: +++ result of upn-expression is "(1.40)"
) ( FP-UPN
FP debug: upn: +++ computing upn-expression "indentionLevelValuei myfontscale *
 2 round"
FP debug: upn: calculating "indentionLevelValuei"
FP debug: upn: result      "4"
FP debug: upn: calculating "myfontscale"
FP debug: upn: result      "1.40"
FP debug: upn: calculating "1.40 mul 4"
( FP-MUL )
FP debug: upn: result      "5.600000000000000000"
FP debug: upn: calculating "2"
FP debug: upn: result      "2"
FP debug: upn: calculating "round(5.600000000000000000:2)"
( FP-ROUND )
FP debug: upn: result      "5.60"
FP debug: upn: +++ result of upn-expression is "(5.60)"
) ( FP-UPN
FP debug: upn: +++ computing upn-expression "indentionLevelValueii myfontscale 
* 2 round"
FP debug: upn: calculating "indentionLevelValueii"
FP debug: upn: result      "2.2"
FP debug: upn: calculating "myfontscale"
FP debug: upn: result      "1.40"
FP debug: upn: calculating "1.40 mul 2.2"
( FP-MUL )
FP debug: upn: result      "3.080000000000000000"
FP debug: upn: calculating "2"
FP debug: upn: result      "2"
FP debug: upn: calculating "round(3.080000000000000000:2)"
( FP-ROUND )
FP debug: upn: result      "3.08"
FP debug: upn: +++ result of upn-expression is "(3.08)"
) ( FP-UPN
FP debug: upn: +++ computing upn-expression "indentionLevelValueiii myfontscale
 * 2 round"
FP debug: upn: calculating "indentionLevelValueiii"
FP debug: upn: result      "1.87"
FP debug: upn: calculating "myfontscale"
FP debug: upn: result      "1.40"
FP debug: upn: calculating "1.40 mul 1.87"
( FP-MUL )
FP debug: upn: result      "2.618000000000000000"
FP debug: upn: calculating "2"
FP debug: upn: result      "2"
FP debug: upn: calculating "round(2.618000000000000000:2)"
( FP-ROUND )
FP debug: upn: result      "2.62"
FP debug: upn: +++ result of upn-expression is "(2.62)"
) ( FP-UPN
FP debug: upn: +++ computing upn-expression "bibIconScaleValue myfontscale * 2 
round"
FP debug: upn: calculating "bibIconScaleValue"
FP debug: upn: result      "2"
FP debug: upn: calculating "myfontscale"
FP debug: upn: result      "1.40"
FP debug: upn: calculating "1.40 mul 2"
( FP-MUL )
FP debug: upn: result      "2.800000000000000000"
FP debug: upn: calculating "2"
FP debug: upn: result      "2"
FP debug: upn: calculating "round(2.800000000000000000:2)"
( FP-ROUND )
FP debug: upn: result      "2.80"
FP debug: upn: +++ result of upn-expression is "(2.80)"
)) (./poster-data-and-information-fusion-2019.aux)
\openout1 = `poster-data-and-information-fusion-2019.aux'.

LaTeX Font Info:    Checking defaults for OML/cmm/m/it on input line 22.
LaTeX Font Info:    ... okay on input line 22.
LaTeX Font Info:    Checking defaults for T1/cmr/m/n on input line 22.
LaTeX Font Info:    ... okay on input line 22.
LaTeX Font Info:    Checking defaults for OT1/cmr/m/n on input line 22.
LaTeX Font Info:    ... okay on input line 22.
LaTeX Font Info:    Checking defaults for OMS/cmsy/m/n on input line 22.
LaTeX Font Info:    ... okay on input line 22.
LaTeX Font Info:    Checking defaults for OMX/cmex/m/n on input line 22.
LaTeX Font Info:    ... okay on input line 22.
LaTeX Font Info:    Checking defaults for U/cmr/m/n on input line 22.
LaTeX Font Info:    ... okay on input line 22.
LaTeX Font Info:    Checking defaults for PD1/pdf/m/n on input line 22.
LaTeX Font Info:    ... okay on input line 22.

*geometry* driver: auto-detecting
*geometry* detected driver: pdftex
*geometry* verbose mode - [ preamble ] result:
* driver: pdftex
* paper: custom
* layout: <same size as paper>
* layoutoffset:(h,v)=(0.0pt,0.0pt)
* modes: includehead includefoot 
* h-part:(L,W,R)=(28.45274pt, 2335.97145pt, 28.45274pt)
* v-part:(T,H,B)=(0.0pt, 3383.0325pt, 0.0pt)
* \paperwidth=2392.87694pt
* \paperheight=3383.0325pt
* \textwidth=2335.97145pt
* \textheight=3354.57977pt
* \oddsidemargin=-43.81725pt
* \evensidemargin=-43.81725pt
* \topmargin=-72.26999pt
* \headheight=14.22636pt
* \headsep=0.0pt
* \topskip=11.0pt
* \footskip=14.22636pt
* \marginparwidth=4.0pt
* \marginparsep=10.0pt
* \columnsep=10.0pt
* \skip\footins=10.0pt plus 4.0pt minus 2.0pt
* \hoffset=0.0pt
* \voffset=0.0pt
* \mag=1000
* \@twocolumnfalse
* \@twosidefalse
* \@mparswitchfalse
* \@reversemarginfalse
* (1in=72.27pt=25.4mm, 1cm=28.453pt)

(/usr/local/texlive/2019/texmf-dist/tex/context/base/mkii/supp-pdf.mkii
[Loading MPS to PDF converter (version 2006.09.02).]
\scratchcounter=\count171
\scratchdimen=\dimen189
\scratchbox=\box54
\nofMPsegments=\count172
\nofMParguments=\count173
\everyMPshowfont=\toks47
\MPscratchCnt=\count174
\MPscratchDim=\dimen190
\MPnumerator=\count175
\makeMPintoPDFobject=\count176
\everyMPtoPDFconversion=\toks48
) (/usr/local/texlive/2019/texmf-dist/tex/latex/oberdiek/epstopdf-base.sty
Package: epstopdf-base 2016/05/15 v2.6 Base part for package epstopdf

(/usr/local/texlive/2019/texmf-dist/tex/latex/oberdiek/grfext.sty
Package: grfext 2016/05/16 v1.2 Manage graphics extensions (HO)
)
Package epstopdf-base Info: Redefining graphics rule for `.eps' on input line 4
38.
Package grfext Info: Graphics extension search list:
(grfext)             [.pdf,.png,.jpg,.mps,.jpeg,.jbig2,.jb2,.PDF,.PNG,.JPG,.JPE
G,.JBIG2,.JB2,.eps]
(grfext)             \AppendGraphicsExtensions on input line 456.

(/usr/local/texlive/2019/texmf-dist/tex/latex/latexconfig/epstopdf-sys.cfg
File: epstopdf-sys.cfg 2010/07/13 v1.3 Configuration of (r)epstopdf for TeX Liv
e
))
ABD: EveryShipout initializing macros
\AtBeginShipoutBox=\box55
Package hyperref Info: Link coloring OFF on input line 22.

(/usr/local/texlive/2019/texmf-dist/tex/latex/hyperref/nameref.sty
Package: nameref 2016/05/21 v2.44 Cross-referencing by name of section

(/usr/local/texlive/2019/texmf-dist/tex/generic/oberdiek/gettitlestring.sty
Package: gettitlestring 2016/05/16 v1.5 Cleanup title references (HO)
)
\c@section@level=\count177
)
LaTeX Info: Redefining \ref on input line 22.
LaTeX Info: Redefining \pageref on input line 22.
LaTeX Info: Redefining \nameref on input line 22.

(./poster-data-and-information-fusion-2019.out)
(./poster-data-and-information-fusion-2019.out)
\@outlinefile=\write5
\openout5 = `poster-data-and-information-fusion-2019.out'.


(/usr/local/texlive/2019/texmf-dist/tex/latex/translator/translator-basic-dicti
onary-English.dict
Dictionary: translator-basic-dictionary, Language: English 
)
(/usr/local/texlive/2019/texmf-dist/tex/latex/translator/translator-bibliograph
y-dictionary-English.dict
Dictionary: translator-bibliography-dictionary, Language: English 
)
(/usr/local/texlive/2019/texmf-dist/tex/latex/translator/translator-environment
-dictionary-English.dict
Dictionary: translator-environment-dictionary, Language: English 
)
(/usr/local/texlive/2019/texmf-dist/tex/latex/translator/translator-months-dict
ionary-English.dict
Dictionary: translator-months-dictionary, Language: English 
)
(/usr/local/texlive/2019/texmf-dist/tex/latex/translator/translator-numbers-dic
tionary-English.dict
Dictionary: translator-numbers-dictionary, Language: English 
)
(/usr/local/texlive/2019/texmf-dist/tex/latex/translator/translator-theorem-dic
tionary-English.dict
Dictionary: translator-theorem-dictionary, Language: English 
) (./poster-data-and-information-fusion-2019.nav) [1

{/usr/local/texlive/2019/texmf-var/fonts/map/pdftex/updmap/pdftex.map}]
\tf@nav=\write6
\openout6 = `poster-data-and-information-fusion-2019.nav'.

\tf@toc=\write7
\openout7 = `poster-data-and-information-fusion-2019.toc'.

\tf@snm=\write8
\openout8 = `poster-data-and-information-fusion-2019.snm'.

Package atveryend Info: Empty hook `BeforeClearDocument' on input line 40.
Package atveryend Info: Empty hook `AfterLastShipout' on input line 40.

(./poster-data-and-information-fusion-2019.aux)
Package atveryend Info: Executing hook `AtVeryEndDocument' on input line 40.
Package atveryend Info: Executing hook `AtEndAfterFileList' on input line 40.
Package rerunfilecheck Info: File `poster-data-and-information-fusion-2019.out'
 has not changed.
(rerunfilecheck)             Checksum: D41D8CD98F00B204E9800998ECF8427E;0.
 ) 
Here is how much of TeX's memory you used:
 18625 strings out of 492616
 350304 string characters out of 6129482
 462747 words of memory out of 5000000
 22089 multiletter control sequences out of 15000+600000
 7606 words of font info for 27 fonts, out of 8000000 for 9000
 1141 hyphenation exceptions out of 8191
 56i,15n,68p,921b,553s stack positions out of 5000i,500n,10000p,200000b,80000s
</usr/local/texlive/2019/texmf-dist/fonts/type1/public/amsfonts/cm/cmss12.pfb
></usr/local/texlive/2019/texmf-dist/fonts/type1/public/amsfonts/cm/cmss17.pfb>

Output written on poster-data-and-information-fusion-2019.pdf (1 page, 23680 by
tes).
PDF statistics:
 53 PDF objects out of 1000 (max. 8388607)
 40 compressed objects within 1 object stream
 3 named destinations out of 1000 (max. 500000)
 43 words of extra memory for PDF output out of 10000 (max. 10000000)

